<?xml version="1.0" encoding="UTF-8"?>
<testsuite xmlns:xsi="http://www.w3.org/2001/XMLSchema-instance" xsi:noNamespaceSchemaLocation="https://maven.apache.org/surefire/maven-surefire-plugin/xsd/surefire-test-report-3.0.xsd" version="3.0" name="RunnerTest.TestRunner" time="20.183" tests="4" errors="0" skipped="0" failures="0">
  <properties>
[...]
</properties>
  <testcase name="Validate login page functionality" classname="EndToEnd Cogmento Functionality" time="14.746">
    <system-out><![CDATA[2024-12-24 22:39:12 [main] INFO  StepDefination.EndToEndCogmento - Initializing the WebDriver and navigating to the login page
2024-12-24 22:39:20 [main] INFO  StepDefination.EndToEndCogmento - Navigated to: https://ui.cogmento.com/
2024-12-24 22:39:20 [main] INFO  StepDefination.EndToEndCogmento - Entering valid username and password
2024-12-24 22:39:21 [main] INFO  StepDefination.EndToEndCogmento - Clicking on login button
]]></system-out>
    <system-err><![CDATA[Dec 24, 2024 10:39:15 PM org.openqa.selenium.devtools.CdpVersionFinder findNearestMatch
WARNING: Unable to find CDP implementation matching 131
Dec 24, 2024 10:39:15 PM org.openqa.selenium.chromium.ChromiumDriver lambda$new$5
WARNING: Unable to find version of CDP to use for 131.0.6778.205. You may need to include a dependency on a specific version of the CDP using something similar to `org.seleniumhq.selenium:selenium-devtools-v86:4.16.1` where the version ("v86") matches the version of the chromium-based browser you're using and the version number of the artifact is the same as Selenium's.
]]></system-err>
  </testcase>
  <testcase name="Validate Home Page Functionality" classname="EndToEnd Cogmento Functionality" time="0.115">
    <system-out><![CDATA[2024-12-24 22:39:26 [main] INFO  StepDefination.EndToEndCogmento - Validating home page title
2024-12-24 22:39:26 [main] INFO  StepDefination.EndToEndCogmento - Home page title validation successful: Cogmento CRM
2024-12-24 22:39:26 [main] INFO  StepDefination.EndToEndCogmento - Validating logo visibility
2024-12-24 22:39:26 [main] INFO  StepDefination.EndToEndCogmento - Logo is displayed: true
2024-12-24 22:39:26 [main] INFO  StepDefination.EndToEndCogmento - Validating home page URL
2024-12-24 22:39:26 [main] INFO  StepDefination.EndToEndCogmento - URL validation successful: https://ui.cogmento.com/
]]></system-out>
  </testcase>
  <testcase name="Validate Contact page Functionality" classname="EndToEnd Cogmento Functionality" time="4.256">
    <system-out><![CDATA[2024-12-24 22:39:26 [main] INFO  StepDefination.EndToEndCogmento - Clicking on Contacts link
2024-12-24 22:39:26 [main] INFO  StepDefination.EndToEndCogmento - Clicking on Create button
2024-12-24 22:39:26 [main] INFO  StepDefination.EndToEndCogmento - Entering contact details: First name, Last name, Email, and selecting Status
2024-12-24 22:39:28 [main] INFO  StepDefination.EndToEndCogmento - Selected status: On Hold
2024-12-24 22:39:28 [main] INFO  StepDefination.EndToEndCogmento - Clicking on Save button
2024-12-24 22:39:28 [main] INFO  StepDefination.EndToEndCogmento - Deleting the contact
2024-12-24 22:39:30 [main] INFO  StepDefination.EndToEndCogmento - Contact deleted successfully
]]></system-out>
  </testcase>
  <testcase name="Validate logout Functionality" classname="EndToEnd Cogmento Functionality" time="0.26">
    <system-out><![CDATA[2024-12-24 22:39:30 [main] INFO  StepDefination.EndToEndCogmento - Clicking on Profile icon
2024-12-24 22:39:30 [main] INFO  StepDefination.EndToEndCogmento - Clicking on Log Out
2024-12-24 22:39:30 [main] INFO  StepDefination.EndToEndCogmento - User logged out from the application
user is logout
]]></system-out>
  </testcase>
</testsuite>